********************************************************************************
PACKAGE-LOG: 2016-09-07 13:50:49
NOTICE: Do NOT post to public sites or forums 
********************************************************************************
VERSION:	1.1.16
WORDPRESS:	4.6
PHP INFO:	5.6.23 | SAPI: apache2handler
SERVER:		Apache/2.4.17 (Win32) OpenSSL/1.0.2d PHP/5.6.23 
PHP TIME LIMIT: (0) no time limit imposed 
PHP MAX MEMORY: 2048M (128M default) 
MEMORY STACK: 30.5MB 

********************************************************************************
DATABASE:
********************************************************************************
BUILD MODE:   PHP(query limit - 100)
MYSQLTIMEOUT: 5000
MYSQLDUMP:    Is Supported 
TABLES: total:14 | filtered:0 | create:14 
FILTERED: [] 
SQL CREATED: 20160907_shareupsoton_57d01b0d46cb07517160907135005_database.sql 
SQL FILE SIZE: 959.39KB (982417) 
SQL FILE TIME: 2016-09-07 13:50:50 
SQL RUNTIME: 0.53 sec. 

******************************************************************************** 
ARCHIVE (ZIP): 
******************************************************************************** 
ARCHIVE DIR:  C:/xampp/htdocs/share 
ARCHIVE FILE: 20160907_shareupsoton_57d01b0d46cb07517160907135005_archive.zip 
FILTERS: *OFF* 
DIRS:  not set 
EXTS:  not set 
---------------------------------------- 
COMPRESSING 
SIZE:	 
STATS:	Dirs  | Files  
SQL ADDED: 20160907_shareupsoton_57d01b0d46cb07517160907135005_database.sql 
ZipArchive Object
(
    [status] => 0
    [statusSys] => 0
    [numFiles] => 1
    [filename] => C:\xampp\htdocs\share\wp-snapshots\tmp\20160907_shareupsoton_57d01b0d46cb07517160907135005_archive.zip
    [comment] => 
)
 
COMPRESSION RESULT: '1' 
COMPRESSED SIZE: 298.38KB 
ARCHIVE RUNTIME: 0.11 sec. 
MEMORY STACK: 30.5MB 

******************************************************************************** 
MAKE INSTALLER: 
******************************************************************************** 
Build Start 
Build Finished 
Preping for use 
Template parsed with new data 
Complete [C:/xampp/htdocs/share/wp-snapshots/tmp/20160907_shareupsoton_57d01b0d46cb07517160907135005_installer.php] 
Added to archive 

******************************************************************************** 
INTEGRITY CHECKS: 
******************************************************************************** 
SQL File: 959.39KB 
Installer File: 347.6KB 
Archive File: 298.38KB  

********************************************************************************
RECORD ID:[1]
TOTAL PROCESS RUNTIME: 5.33 sec.
PEAK PHP MEMORY USED: 33MB
DONE PROCESSING => 20160907_shareupsoton 2016-09-07 13:50:54
 
